<?xml version="1.0" encoding="UTF-8"?>
<testng-results ignored="0" total="1" passed="1" failed="0" skipped="0">
  <reporter-output>
  </reporter-output>
  <suite started-at="2023-01-18T16:53:26 PST" name="Stepdefination.Testrunner" finished-at="2023-01-18T16:53:32 PST" duration-ms="6532">
    <groups>
      <group name="cucumber">
        <method signature="AbstractTestNGCucumberTests.runScenario(io.cucumber.testng.PickleWrapper,io.cucumber.testng.FeatureWrapper)[pri:0, instance:Stepdefination.Testrunner@3b938003]" name="runScenario" class="io.cucumber.testng.AbstractTestNGCucumberTests"/>
      </group> <!-- cucumber -->
    </groups>
    <test started-at="2023-01-18T16:53:26 PST" name="Command line test" finished-at="2023-01-18T16:53:32 PST" duration-ms="6532">
      <class name="Stepdefination.Testrunner">
        <test-method is-config="true" signature="setUpClass(org.testng.ITestContext)[pri:0, instance:Stepdefination.Testrunner@3b938003]" started-at="2023-01-18T16:53:26 PST" name="setUpClass" finished-at="2023-01-18T16:53:27 PST" duration-ms="672" status="PASS">
          <params>
            <param index="0">
              <value>
                <![CDATA[org.testng.TestRunner@36c2b646]]>
              </value>
            </param>
          </params>
          <reporter-output>
          </reporter-output>
        </test-method> <!-- setUpClass -->
        <test-method signature="runScenario(io.cucumber.testng.PickleWrapper,io.cucumber.testng.FeatureWrapper)[pri:0, instance:Stepdefination.Testrunner@3b938003]" started-at="2023-01-18T16:53:27 PST" name="runScenario" description="Runs Cucumber Scenarios" data-provider="scenarios" finished-at="2023-01-18T16:53:32 PST" duration-ms="5741" status="PASS">
          <params>
            <param index="0">
              <value>
                <![CDATA["Login in google"]]>
              </value>
            </param>
            <param index="1">
              <value>
                <![CDATA["google"]]>
              </value>
            </param>
          </params>
          <reporter-output>
          </reporter-output>
        </test-method> <!-- runScenario -->
        <test-method is-config="true" signature="tearDownClass()[pri:0, instance:Stepdefination.Testrunner@3b938003]" started-at="2023-01-18T16:53:32 PST" name="tearDownClass" finished-at="2023-01-18T16:53:32 PST" duration-ms="55" status="PASS">
          <reporter-output>
          </reporter-output>
        </test-method> <!-- tearDownClass -->
      </class> <!-- Stepdefination.Testrunner -->
    </test> <!-- Command line test -->
  </suite> <!-- Stepdefination.Testrunner -->
</testng-results>
