<?xml version="1.0" encoding="UTF-8"?>
<testng-results ignored="0" total="1" passed="1" failed="0" skipped="0">
  <reporter-output>
  </reporter-output>
  <suite started-at="2023-01-18T17:28:48 PST" name="Suite" finished-at="2023-01-18T17:28:56 PST" duration-ms="8018">
    <groups>
      <group name="cucumber">
        <method signature="AbstractTestNGCucumberTests.runScenario(io.cucumber.testng.PickleWrapper,io.cucumber.testng.FeatureWrapper)[pri:0, instance:Stepdefination.Testrunner@3e694b3f]" name="runScenario" class="io.cucumber.testng.AbstractTestNGCucumberTests"/>
      </group> <!-- cucumber -->
    </groups>
    <test started-at="2023-01-18T17:28:48 PST" name="Test" finished-at="2023-01-18T17:28:56 PST" duration-ms="8018">
      <class name="Stepdefination.Testrunner">
        <test-method is-config="true" signature="setUpClass(org.testng.ITestContext)[pri:0, instance:Stepdefination.Testrunner@3e694b3f]" started-at="2023-01-18T17:28:48 PST" name="setUpClass" finished-at="2023-01-18T17:28:49 PST" duration-ms="677" status="PASS">
          <params>
            <param index="0">
              <value>
                <![CDATA[org.testng.TestRunner@64aad809]]>
              </value>
            </param>
          </params>
          <reporter-output>
          </reporter-output>
        </test-method> <!-- setUpClass -->
        <test-method signature="runScenario(io.cucumber.testng.PickleWrapper,io.cucumber.testng.FeatureWrapper)[pri:0, instance:Stepdefination.Testrunner@3e694b3f]" started-at="2023-01-18T17:28:49 PST" name="runScenario" description="Runs Cucumber Scenarios" data-provider="scenarios" finished-at="2023-01-18T17:28:56 PST" duration-ms="7229" status="PASS">
          <params>
            <param index="0">
              <value>
                <![CDATA["Login in google"]]>
              </value>
            </param>
            <param index="1">
              <value>
                <![CDATA["google"]]>
              </value>
            </param>
          </params>
          <reporter-output>
          </reporter-output>
        </test-method> <!-- runScenario -->
        <test-method is-config="true" signature="tearDownClass()[pri:0, instance:Stepdefination.Testrunner@3e694b3f]" started-at="2023-01-18T17:28:56 PST" name="tearDownClass" finished-at="2023-01-18T17:28:56 PST" duration-ms="47" status="PASS">
          <reporter-output>
          </reporter-output>
        </test-method> <!-- tearDownClass -->
      </class> <!-- Stepdefination.Testrunner -->
    </test> <!-- Test -->
  </suite> <!-- Suite -->
</testng-results>
